1518861353007	geckodriver	INFO	geckodriver 0.19.1
1518861353022	geckodriver	INFO	Listening on 127.0.0.1:49857
1518861356200	mozrunner::runner	INFO	Running command: "C:\\Program Files (x86)\\Mozilla Firefox\\firefox.exe" "-marionette" "-profile" "C:\\Users\\Ravi\\AppData\\Local\\Temp\\rust_mozprofile.gHFbLzHB6EjT"
Unable to read VR Path Registry from C:\Users\Ravi\AppData\Local\openvr\openvrpaths.vrpath
1518861357744	Marionette	INFO	Enabled via --marionette
Unable to read VR Path Registry from C:\Users\Ravi\AppData\Local\openvr\openvrpaths.vrpath
Unable to read VR Path Registry from C:\Users\Ravi\AppData\Local\openvr\openvrpaths.vrpath
1518861363106	Marionette	INFO	Listening on port 49865
1518861363762	Marionette	WARN	TLS certificate errors will be ignored for this session
Unable to read VR Path Registry from C:\Users\Ravi\AppData\Local\openvr\openvrpaths.vrpath
Unable to read VR Path Registry from C:\Users\Ravi\AppData\Local\openvr\openvrpaths.vrpath
[Child 10012, Chrome_ChildThread] WARNING: pipe error: 109: file z:/build/build/src/ipc/chromium/src/chrome/common/ipc_channel_win.cc, line 346
[Child 10012, Chrome_ChildThread] WARNING: pipe error: 109: file z:/build/build/src/ipc/chro[Parent 548, Gecko_IOThread] WARNING: pipe error: 109: file z:/build/build/src/ipc/chromium/src/chrome/common/ipc_channel_win.cc, line 346
[Child 15200, Chrome_ChildThread] WARNING: pipe error: 109: file z:/build/build/src/ipc/chromium/src/chrome/common/ipc_channel_win.cc, line 346
[Child 15972, Chrome_ChildThread] WARNING: pipe error: 109: file z:/build/build/src/ipc/chromium/src/chrome/common/ipc_channel_win.cc, line 346
[Child 15972, Ch[Parent 548, Gecko_IOThread] WARNING: pipe error: 109: file z:/build/build/src/ipc/chromium/src/chrome/common/ipc_channel_win.cc, line 346
[Child 8476, Chrome_ChildThread] WARNING: pipe error: 109: file z:/build/build/src/ipc/chromium/src/chrome/common/ipc_channel_win.cc, line 346
[Child 8476, Chrome_ChildThread] WARNING: pipe error: 109: file z:/build*** UTM:SVC TimerManager:registerTimer called after profile-before-change notification. Ignoring timer registration for id: telemetry_modules_ping

###!!! [Child][MessageChannel::SendAndWait] Error: Channel error: cannot send/recv

st

[Parent 5648, Gecko_IOThread] WARNING: pipe error: 109: file z:/build/build/src/ipc/chromium/src/chrome/common/ipc_channel_win.cc, line 346
[Child 4220, Chrome_ChildThread] WARNING: pipe error: 109: file z:/build/build/src/ipc/chromium/src/chrome/common/ipc_channel_win.cc, line 346
[Child 4220, Chrome_ChildThread] W
###!!! [Child][MessageChannel::SendAndWait] Error: Channel error: cannot send/recv

